E, [2018-01-04T08:56:44.403267 #6197] ERROR -- Kitchen: ------Exception-------
E, [2018-01-04T08:56:44.403339 #6197] ERROR -- Kitchen: Class: Kitchen::UserError
E, [2018-01-04T08:56:44.403364 #6197] ERROR -- Kitchen: Message: Kitchen YAML file /home/shruti/Desktop/cardekho/chef/chef-repo/roles/.kitchen.yml does not exist.
E, [2018-01-04T08:56:44.403383 #6197] ERROR -- Kitchen: ----------------------
E, [2018-01-04T08:56:44.403400 #6197] ERROR -- Kitchen: ------Backtrace-------
E, [2018-01-04T08:56:44.403423 #6197] ERROR -- Kitchen: /opt/chefdk/embedded/lib/ruby/gems/2.4.0/gems/test-kitchen-1.17.0/lib/kitchen/loader/yaml.rb:71:in `read'
E, [2018-01-04T08:56:44.403447 #6197] ERROR -- Kitchen: /opt/chefdk/embedded/lib/ruby/gems/2.4.0/gems/test-kitchen-1.17.0/lib/kitchen/config.rb:147:in `data'
E, [2018-01-04T08:56:44.403461 #6197] ERROR -- Kitchen: /opt/chefdk/embedded/lib/ruby/gems/2.4.0/gems/test-kitchen-1.17.0/lib/kitchen/config.rb:126:in `suites'
E, [2018-01-04T08:56:44.403474 #6197] ERROR -- Kitchen: /opt/chefdk/embedded/lib/ruby/gems/2.4.0/gems/test-kitchen-1.17.0/lib/kitchen/config.rb:177:in `filter_instances'
E, [2018-01-04T08:56:44.403487 #6197] ERROR -- Kitchen: /opt/chefdk/embedded/lib/ruby/gems/2.4.0/gems/test-kitchen-1.17.0/lib/kitchen/config.rb:136:in `build_instances'
E, [2018-01-04T08:56:44.403500 #6197] ERROR -- Kitchen: /opt/chefdk/embedded/lib/ruby/gems/2.4.0/gems/test-kitchen-1.17.0/lib/kitchen/config.rb:112:in `instances'
E, [2018-01-04T08:56:44.403513 #6197] ERROR -- Kitchen: /opt/chefdk/embedded/lib/ruby/gems/2.4.0/gems/test-kitchen-1.17.0/lib/kitchen/command.rb:112:in `filtered_instances'
E, [2018-01-04T08:56:44.403526 #6197] ERROR -- Kitchen: /opt/chefdk/embedded/lib/ruby/gems/2.4.0/gems/test-kitchen-1.17.0/lib/kitchen/command.rb:142:in `parse_subcommand'
E, [2018-01-04T08:56:44.403538 #6197] ERROR -- Kitchen: /opt/chefdk/embedded/lib/ruby/gems/2.4.0/gems/test-kitchen-1.17.0/lib/kitchen/command/list.rb:30:in `call'
E, [2018-01-04T08:56:44.403552 #6197] ERROR -- Kitchen: /opt/chefdk/embedded/lib/ruby/gems/2.4.0/gems/test-kitchen-1.17.0/lib/kitchen/cli.rb:53:in `perform'
E, [2018-01-04T08:56:44.403565 #6197] ERROR -- Kitchen: /opt/chefdk/embedded/lib/ruby/gems/2.4.0/gems/test-kitchen-1.17.0/lib/kitchen/cli.rb:121:in `list'
E, [2018-01-04T08:56:44.403577 #6197] ERROR -- Kitchen: /opt/chefdk/embedded/lib/ruby/gems/2.4.0/gems/thor-0.19.1/lib/thor/command.rb:27:in `run'
E, [2018-01-04T08:56:44.403590 #6197] ERROR -- Kitchen: /opt/chefdk/embedded/lib/ruby/gems/2.4.0/gems/thor-0.19.1/lib/thor/invocation.rb:126:in `invoke_command'
E, [2018-01-04T08:56:44.403603 #6197] ERROR -- Kitchen: /opt/chefdk/embedded/lib/ruby/gems/2.4.0/gems/test-kitchen-1.17.0/lib/kitchen/cli.rb:334:in `invoke_task'
E, [2018-01-04T08:56:44.403616 #6197] ERROR -- Kitchen: /opt/chefdk/embedded/lib/ruby/gems/2.4.0/gems/thor-0.19.1/lib/thor.rb:359:in `dispatch'
E, [2018-01-04T08:56:44.403628 #6197] ERROR -- Kitchen: /opt/chefdk/embedded/lib/ruby/gems/2.4.0/gems/thor-0.19.1/lib/thor/base.rb:440:in `start'
E, [2018-01-04T08:56:44.403641 #6197] ERROR -- Kitchen: /opt/chefdk/embedded/lib/ruby/gems/2.4.0/gems/test-kitchen-1.17.0/bin/kitchen:13:in `block in <top (required)>'
E, [2018-01-04T08:56:44.403654 #6197] ERROR -- Kitchen: /opt/chefdk/embedded/lib/ruby/gems/2.4.0/gems/test-kitchen-1.17.0/lib/kitchen/errors.rb:171:in `with_friendly_errors'
E, [2018-01-04T08:56:44.403666 #6197] ERROR -- Kitchen: /opt/chefdk/embedded/lib/ruby/gems/2.4.0/gems/test-kitchen-1.17.0/bin/kitchen:13:in `<top (required)>'
E, [2018-01-04T08:56:44.403680 #6197] ERROR -- Kitchen: /opt/chefdk/bin/kitchen:267:in `load'
E, [2018-01-04T08:56:44.403692 #6197] ERROR -- Kitchen: /opt/chefdk/bin/kitchen:267:in `<main>'
E, [2018-01-04T08:56:44.403704 #6197] ERROR -- Kitchen: ----End Backtrace-----
